Analysis & Synthesis report for Swag9000
Fri Dec 04 01:48:39 2015
Quartus II 64-Bit Version 15.0.2 Build 153 07/15/2015 SJ Full Version


---------------------
; Table of Contents ;
---------------------
  1. Legal Notice
  2. Analysis & Synthesis Summary
  3. Analysis & Synthesis Settings
  4. Parallel Compilation
  5. Analysis & Synthesis Source Files Read
  6. Analysis & Synthesis Resource Usage Summary
  7. Analysis & Synthesis Resource Utilization by Entity
  8. User-Specified and Inferred Latches
  9. General Register Statistics
 10. Multiplexer Restructuring Statistics (Restructuring Performed)
 11. Parameter Settings for User Entity Instance: PreScale_Hz:OneHURTS
 12. Parameter Settings for User Entity Instance: PreScale_Hz:TwoHURTS
 13. Parameter Settings for User Entity Instance: PreScale_Hz:TenHURTS
 14. Port Connectivity Checks: "PreScale_Hz:TenHURTS"
 15. Port Connectivity Checks: "PreScale_Hz:TwoHURTS"
 16. Port Connectivity Checks: "PreScale_Hz:OneHURTS"
 17. Port Connectivity Checks: "CPU:CPU"
 18. Post-Synthesis Netlist Statistics for Top Partition
 19. Elapsed Time Per Partition
 20. Analysis & Synthesis Messages



----------------
; Legal Notice ;
----------------
Copyright (C) 1991-2015 Altera Corporation. All rights reserved.
Your use of Altera Corporation's design tools, logic functions 
and other software and tools, and its AMPP partner logic 
functions, and any output files from any of the foregoing 
(including device programming or simulation files), and any 
associated documentation or information are expressly subject 
to the terms and conditions of the Altera Program License 
Subscription Agreement, the Altera Quartus II License Agreement,
the Altera MegaCore Function License Agreement, or other 
applicable license agreement, including, without limitation, 
that your use is for the sole purpose of programming logic 
devices manufactured by Altera and sold by Altera or its 
authorized distributors.  Please refer to the applicable 
agreement for further details.



+----------------------------------------------------------------------------------+
; Analysis & Synthesis Summary                                                     ;
+------------------------------------+---------------------------------------------+
; Analysis & Synthesis Status        ; Successful - Fri Dec 04 01:48:38 2015       ;
; Quartus II 64-Bit Version          ; 15.0.2 Build 153 07/15/2015 SJ Full Version ;
; Revision Name                      ; Swag9000                                    ;
; Top-level Entity Name              ; Swag9000                                    ;
; Family                             ; Cyclone IV E                                ;
; Total logic elements               ; 384                                         ;
;     Total combinational functions  ; 384                                         ;
;     Dedicated logic registers      ; 104                                         ;
; Total registers                    ; 104                                         ;
; Total pins                         ; 105                                         ;
; Total virtual pins                 ; 0                                           ;
; Total memory bits                  ; 0                                           ;
; Embedded Multiplier 9-bit elements ; 0                                           ;
; Total PLLs                         ; 0                                           ;
+------------------------------------+---------------------------------------------+


+----------------------------------------------------------------------------------------------------------------------+
; Analysis & Synthesis Settings                                                                                        ;
+----------------------------------------------------------------------------+--------------------+--------------------+
; Option                                                                     ; Setting            ; Default Value      ;
+----------------------------------------------------------------------------+--------------------+--------------------+
; Device                                                                     ; EP4CE115F29C7      ;                    ;
; Top-level entity name                                                      ; Swag9000           ; Swag9000           ;
; Family name                                                                ; Cyclone IV E       ; Cyclone V          ;
; Use smart compilation                                                      ; Off                ; Off                ;
; Enable parallel Assembler and TimeQuest Timing Analyzer during compilation ; On                 ; On                 ;
; Enable compact report table                                                ; Off                ; Off                ;
; Restructure Multiplexers                                                   ; Auto               ; Auto               ;
; Create Debugging Nodes for IP Cores                                        ; Off                ; Off                ;
; Preserve fewer node names                                                  ; On                 ; On                 ;
; Disable OpenCore Plus hardware evaluation                                  ; Off                ; Off                ;
; Verilog Version                                                            ; Verilog_2001       ; Verilog_2001       ;
; VHDL Version                                                               ; VHDL_1993          ; VHDL_1993          ;
; State Machine Processing                                                   ; Auto               ; Auto               ;
; Safe State Machine                                                         ; Off                ; Off                ;
; Extract Verilog State Machines                                             ; On                 ; On                 ;
; Extract VHDL State Machines                                                ; On                 ; On                 ;
; Ignore Verilog initial constructs                                          ; Off                ; Off                ;
; Iteration limit for constant Verilog loops                                 ; 5000               ; 5000               ;
; Iteration limit for non-constant Verilog loops                             ; 250                ; 250                ;
; Add Pass-Through Logic to Inferred RAMs                                    ; On                 ; On                 ;
; Infer RAMs from Raw Logic                                                  ; On                 ; On                 ;
; Parallel Synthesis                                                         ; On                 ; On                 ;
; DSP Block Balancing                                                        ; Auto               ; Auto               ;
; NOT Gate Push-Back                                                         ; On                 ; On                 ;
; Power-Up Don't Care                                                        ; On                 ; On                 ;
; Remove Redundant Logic Cells                                               ; Off                ; Off                ;
; Remove Duplicate Registers                                                 ; On                 ; On                 ;
; Ignore CARRY Buffers                                                       ; Off                ; Off                ;
; Ignore CASCADE Buffers                                                     ; Off                ; Off                ;
; Ignore GLOBAL Buffers                                                      ; Off                ; Off                ;
; Ignore ROW GLOBAL Buffers                                                  ; Off                ; Off                ;
; Ignore LCELL Buffers                                                       ; Off                ; Off                ;
; Ignore SOFT Buffers                                                        ; On                 ; On                 ;
; Limit AHDL Integers to 32 Bits                                             ; Off                ; Off                ;
; Optimization Technique                                                     ; Balanced           ; Balanced           ;
; Carry Chain Length                                                         ; 70                 ; 70                 ;
; Auto Carry Chains                                                          ; On                 ; On                 ;
; Auto Open-Drain Pins                                                       ; On                 ; On                 ;
; Perform WYSIWYG Primitive Resynthesis                                      ; Off                ; Off                ;
; Auto ROM Replacement                                                       ; On                 ; On                 ;
; Auto RAM Replacement                                                       ; On                 ; On                 ;
; Auto DSP Block Replacement                                                 ; On                 ; On                 ;
; Auto Shift Register Replacement                                            ; Auto               ; Auto               ;
; Allow Shift Register Merging across Hierarchies                            ; Auto               ; Auto               ;
; Auto Clock Enable Replacement                                              ; On                 ; On                 ;
; Strict RAM Replacement                                                     ; Off                ; Off                ;
; Allow Synchronous Control Signals                                          ; On                 ; On                 ;
; Force Use of Synchronous Clear Signals                                     ; Off                ; Off                ;
; Auto RAM Block Balancing                                                   ; On                 ; On                 ;
; Auto RAM to Logic Cell Conversion                                          ; Off                ; Off                ;
; Auto Resource Sharing                                                      ; Off                ; Off                ;
; Allow Any RAM Size For Recognition                                         ; Off                ; Off                ;
; Allow Any ROM Size For Recognition                                         ; Off                ; Off                ;
; Allow Any Shift Register Size For Recognition                              ; Off                ; Off                ;
; Use LogicLock Constraints during Resource Balancing                        ; On                 ; On                 ;
; Ignore translate_off and synthesis_off directives                          ; Off                ; Off                ;
; Timing-Driven Synthesis                                                    ; On                 ; On                 ;
; Report Parameter Settings                                                  ; On                 ; On                 ;
; Report Source Assignments                                                  ; On                 ; On                 ;
; Report Connectivity Checks                                                 ; On                 ; On                 ;
; Ignore Maximum Fan-Out Assignments                                         ; Off                ; Off                ;
; Synchronization Register Chain Length                                      ; 2                  ; 2                  ;
; PowerPlay Power Optimization During Synthesis                              ; Normal compilation ; Normal compilation ;
; HDL message level                                                          ; Level2             ; Level2             ;
; Suppress Register Optimization Related Messages                            ; Off                ; Off                ;
; Number of Removed Registers Reported in Synthesis Report                   ; 5000               ; 5000               ;
; Number of Swept Nodes Reported in Synthesis Report                         ; 5000               ; 5000               ;
; Number of Inverted Registers Reported in Synthesis Report                  ; 100                ; 100                ;
; Clock MUX Protection                                                       ; On                 ; On                 ;
; Auto Gated Clock Conversion                                                ; Off                ; Off                ;
; Block Design Naming                                                        ; Auto               ; Auto               ;
; SDC constraint protection                                                  ; Off                ; Off                ;
; Synthesis Effort                                                           ; Auto               ; Auto               ;
; Shift Register Replacement - Allow Asynchronous Clear Signal               ; On                 ; On                 ;
; Pre-Mapping Resynthesis Optimization                                       ; Off                ; Off                ;
; Analysis & Synthesis Message Level                                         ; Medium             ; Medium             ;
; Disable Register Merging Across Hierarchies                                ; Auto               ; Auto               ;
; Resource Aware Inference For Block RAM                                     ; On                 ; On                 ;
; Synthesis Seed                                                             ; 1                  ; 1                  ;
+----------------------------------------------------------------------------+--------------------+--------------------+


+------------------------------------------+
; Parallel Compilation                     ;
+----------------------------+-------------+
; Processors                 ; Number      ;
+----------------------------+-------------+
; Number detected on machine ; 8           ;
; Maximum allowed            ; 4           ;
;                            ;             ;
; Average used               ; 1.00        ;
; Maximum used               ; 2           ;
;                            ;             ;
; Usage by Processor         ; % Time Used ;
;     Processor 1            ; 100.0%      ;
;     Processor 2            ; < 0.1%      ;
;     Processors 3-8         ;   0.0%      ;
+----------------------------+-------------+


+-------------------------------------------------------------------------------------------------------------------------------------------------+
; Analysis & Synthesis Source Files Read                                                                                                          ;
+----------------------------------+-----------------+-----------------+----------------------------------------------------------------+---------+
; File Name with User-Entered Path ; Used in Netlist ; File Type       ; File Name with Absolute Path                                   ; Library ;
+----------------------------------+-----------------+-----------------+----------------------------------------------------------------+---------+
; CPU.vhd                          ; yes             ; User VHDL File  ; E:/ENSC252/ENSC252_Projects/SwagVHDLProcessor1/CPU.vhd         ;         ;
; Types.vhd                        ; yes             ; User VHDL File  ; E:/ENSC252/ENSC252_Projects/SwagVHDLProcessor1/Types.vhd       ;         ;
; PreScale_Hz.vhd                  ; yes             ; User VHDL File  ; E:/ENSC252/ENSC252_Projects/SwagVHDLProcessor1/PreScale_Hz.vhd ;         ;
; SegDecoder.vhd                   ; yes             ; User VHDL File  ; E:/ENSC252/ENSC252_Projects/SwagVHDLProcessor1/SegDecoder.vhd  ;         ;
; Swag9000.vhd                     ; yes             ; User VHDL File  ; E:/ENSC252/ENSC252_Projects/SwagVHDLProcessor1/Swag9000.vhd    ;         ;
+----------------------------------+-----------------+-----------------+----------------------------------------------------------------+---------+


+------------------------------------------------------------+
; Analysis & Synthesis Resource Usage Summary                ;
+---------------------------------------------+--------------+
; Resource                                    ; Usage        ;
+---------------------------------------------+--------------+
; Estimated Total logic elements              ; 384          ;
;                                             ;              ;
; Total combinational functions               ; 384          ;
; Logic element usage by number of LUT inputs ;              ;
;     -- 4 input functions                    ; 196          ;
;     -- 3 input functions                    ; 77           ;
;     -- <=2 input functions                  ; 111          ;
;                                             ;              ;
; Logic elements by mode                      ;              ;
;     -- normal mode                          ; 280          ;
;     -- arithmetic mode                      ; 104          ;
;                                             ;              ;
; Total registers                             ; 104          ;
;     -- Dedicated logic registers            ; 104          ;
;     -- I/O registers                        ; 0            ;
;                                             ;              ;
; I/O pins                                    ; 105          ;
;                                             ;              ;
; Embedded Multiplier 9-bit elements          ; 0            ;
;                                             ;              ;
; Maximum fan-out node                        ; SW[17]~input ;
; Maximum fan-out                             ; 96           ;
; Total fan-out                               ; 1799         ;
; Average fan-out                             ; 2.58         ;
+---------------------------------------------+--------------+


+-----------------------------------------------------------------------------------------------------------------------------------------------------------------------------------------------------------------+
; Analysis & Synthesis Resource Utilization by Entity                                                                                                                                                             ;
+----------------------------------------+-------------------+--------------+-------------+--------------+---------+-----------+------+--------------+---------------------------------------------+--------------+
; Compilation Hierarchy Node             ; LC Combinationals ; LC Registers ; Memory Bits ; DSP Elements ; DSP 9x9 ; DSP 18x18 ; Pins ; Virtual Pins ; Full Hierarchy Name                         ; Library Name ;
+----------------------------------------+-------------------+--------------+-------------+--------------+---------+-----------+------+--------------+---------------------------------------------+--------------+
; |Swag9000                              ; 384 (2)           ; 104 (0)      ; 0           ; 0            ; 0       ; 0         ; 105  ; 0            ; |Swag9000                                   ; work         ;
;    |CPU:CPU|                           ; 192 (192)         ; 8 (8)        ; 0           ; 0            ; 0       ; 0         ; 0    ; 0            ; |Swag9000|CPU:CPU                           ; work         ;
;    |PreScale_Hz:OneHURTS|              ; 44 (44)           ; 32 (32)      ; 0           ; 0            ; 0       ; 0         ; 0    ; 0            ; |Swag9000|PreScale_Hz:OneHURTS              ; work         ;
;    |PreScale_Hz:TenHURTS|              ; 46 (46)           ; 32 (32)      ; 0           ; 0            ; 0       ; 0         ; 0    ; 0            ; |Swag9000|PreScale_Hz:TenHURTS              ; work         ;
;    |PreScale_Hz:TwoHURTS|              ; 44 (44)           ; 32 (32)      ; 0           ; 0            ; 0       ; 0         ; 0    ; 0            ; |Swag9000|PreScale_Hz:TwoHURTS              ; work         ;
;    |SegDecoder:Display_InstrPtr1|      ; 7 (7)             ; 0 (0)        ; 0           ; 0            ; 0       ; 0         ; 0    ; 0            ; |Swag9000|SegDecoder:Display_InstrPtr1      ; work         ;
;    |SegDecoder:Display_InstrPtr2|      ; 7 (7)             ; 0 (0)        ; 0           ; 0            ; 0       ; 0         ; 0    ; 0            ; |Swag9000|SegDecoder:Display_InstrPtr2      ; work         ;
;    |SegDecoder:\Gen_Display:0:Display| ; 7 (7)             ; 0 (0)        ; 0           ; 0            ; 0       ; 0         ; 0    ; 0            ; |Swag9000|SegDecoder:\Gen_Display:0:Display ; work         ;
;    |SegDecoder:\Gen_Display:1:Display| ; 7 (7)             ; 0 (0)        ; 0           ; 0            ; 0       ; 0         ; 0    ; 0            ; |Swag9000|SegDecoder:\Gen_Display:1:Display ; work         ;
;    |SegDecoder:\Gen_Display:2:Display| ; 7 (7)             ; 0 (0)        ; 0           ; 0            ; 0       ; 0         ; 0    ; 0            ; |Swag9000|SegDecoder:\Gen_Display:2:Display ; work         ;
;    |SegDecoder:\Gen_Display:3:Display| ; 7 (7)             ; 0 (0)        ; 0           ; 0            ; 0       ; 0         ; 0    ; 0            ; |Swag9000|SegDecoder:\Gen_Display:3:Display ; work         ;
;    |SegDecoder:\Gen_Display:4:Display| ; 7 (7)             ; 0 (0)        ; 0           ; 0            ; 0       ; 0         ; 0    ; 0            ; |Swag9000|SegDecoder:\Gen_Display:4:Display ; work         ;
;    |SegDecoder:\Gen_Display:5:Display| ; 7 (7)             ; 0 (0)        ; 0           ; 0            ; 0       ; 0         ; 0    ; 0            ; |Swag9000|SegDecoder:\Gen_Display:5:Display ; work         ;
+----------------------------------------+-------------------+--------------+-------------+--------------+---------+-----------+------+--------------+---------------------------------------------+--------------+
Note: For table entries with two numbers listed, the numbers in parentheses indicate the number of resources of the given type used by the specific entity alone. The numbers listed outside of parentheses indicate the total resources of the given type used by the specific entity and all of its sub-entities in the hierarchy.


+----------------------------------------------------------------------------------------------------+
; User-Specified and Inferred Latches                                                                ;
+-----------------------------------------------------+---------------------+------------------------+
; Latch Name                                          ; Latch Enable Signal ; Free of Timing Hazards ;
+-----------------------------------------------------+---------------------+------------------------+
; CPU:CPU|reg[0][0]                                   ; CPU:CPU|reg[0][7]   ; yes                    ;
; CPU:CPU|reg[0][1]                                   ; CPU:CPU|reg[0][7]   ; yes                    ;
; CPU:CPU|reg[0][2]                                   ; CPU:CPU|reg[0][7]   ; yes                    ;
; CPU:CPU|reg[0][3]                                   ; CPU:CPU|reg[0][7]   ; yes                    ;
; CPU:CPU|reg[0][4]                                   ; CPU:CPU|reg[0][7]   ; yes                    ;
; CPU:CPU|reg[0][5]                                   ; CPU:CPU|reg[0][7]   ; yes                    ;
; CPU:CPU|reg[0][6]                                   ; CPU:CPU|reg[0][7]   ; yes                    ;
; CPU:CPU|reg[0][7]                                   ; CPU:CPU|reg[0][7]   ; yes                    ;
; CPU:CPU|reg[1][0]                                   ; CPU:CPU|reg[1][7]   ; yes                    ;
; CPU:CPU|reg[1][1]                                   ; CPU:CPU|reg[1][7]   ; yes                    ;
; CPU:CPU|reg[1][2]                                   ; CPU:CPU|reg[1][7]   ; yes                    ;
; CPU:CPU|reg[1][3]                                   ; CPU:CPU|reg[1][7]   ; yes                    ;
; CPU:CPU|reg[1][4]                                   ; CPU:CPU|reg[1][7]   ; yes                    ;
; CPU:CPU|reg[1][5]                                   ; CPU:CPU|reg[1][7]   ; yes                    ;
; CPU:CPU|reg[1][6]                                   ; CPU:CPU|reg[1][7]   ; yes                    ;
; CPU:CPU|reg[1][7]                                   ; CPU:CPU|reg[1][7]   ; yes                    ;
; CPU:CPU|reg[2][0]                                   ; CPU:CPU|reg[2][7]   ; yes                    ;
; CPU:CPU|reg[2][1]                                   ; CPU:CPU|reg[2][7]   ; yes                    ;
; CPU:CPU|reg[2][2]                                   ; CPU:CPU|reg[2][7]   ; yes                    ;
; CPU:CPU|reg[2][3]                                   ; CPU:CPU|reg[2][7]   ; yes                    ;
; CPU:CPU|reg[2][4]                                   ; CPU:CPU|reg[2][7]   ; yes                    ;
; CPU:CPU|reg[2][5]                                   ; CPU:CPU|reg[2][7]   ; yes                    ;
; CPU:CPU|reg[2][6]                                   ; CPU:CPU|reg[2][7]   ; yes                    ;
; CPU:CPU|reg[2][7]                                   ; CPU:CPU|reg[2][7]   ; yes                    ;
; CPU:CPU|reg[6][0]                                   ; CPU:CPU|reg[6][7]   ; yes                    ;
; CPU:CPU|reg[6][1]                                   ; CPU:CPU|reg[6][7]   ; yes                    ;
; CPU:CPU|reg[6][2]                                   ; CPU:CPU|reg[6][7]   ; yes                    ;
; CPU:CPU|reg[6][3]                                   ; CPU:CPU|reg[6][7]   ; yes                    ;
; CPU:CPU|reg[6][4]                                   ; CPU:CPU|reg[6][7]   ; yes                    ;
; CPU:CPU|reg[6][5]                                   ; CPU:CPU|reg[6][7]   ; yes                    ;
; CPU:CPU|reg[6][6]                                   ; CPU:CPU|reg[6][7]   ; yes                    ;
; CPU:CPU|reg[6][7]                                   ; CPU:CPU|reg[6][7]   ; yes                    ;
; Number of user-specified and inferred latches = 32  ;                     ;                        ;
+-----------------------------------------------------+---------------------+------------------------+
Note: All latches listed above may not be present at the end of synthesis due to various synthesis optimizations.


+------------------------------------------------------+
; General Register Statistics                          ;
+----------------------------------------------+-------+
; Statistic                                    ; Value ;
+----------------------------------------------+-------+
; Total registers                              ; 104   ;
; Number of registers using Synchronous Clear  ; 0     ;
; Number of registers using Synchronous Load   ; 0     ;
; Number of registers using Asynchronous Clear ; 96    ;
; Number of registers using Asynchronous Load  ; 0     ;
; Number of registers using Clock Enable       ; 96    ;
; Number of registers using Preset             ; 0     ;
+----------------------------------------------+-------+


+----------------------------------------------------------------------------------------------------------------------------------------------+
; Multiplexer Restructuring Statistics (Restructuring Performed)                                                                               ;
+--------------------+-----------+---------------+----------------------+------------------------+------------+--------------------------------+
; Multiplexer Inputs ; Bus Width ; Baseline Area ; Area if Restructured ; Saving if Restructured ; Registered ; Example Multiplexer Output     ;
+--------------------+-----------+---------------+----------------------+------------------------+------------+--------------------------------+
; 3:1                ; 5 bits    ; 10 LEs        ; 5 LEs                ; 5 LEs                  ; Yes        ; |Swag9000|CPU:CPU|instr_ptr[4] ;
; 3:1                ; 3 bits    ; 6 LEs         ; 6 LEs                ; 0 LEs                  ; Yes        ; |Swag9000|CPU:CPU|instr_ptr[0] ;
; 3:1                ; 8 bits    ; 16 LEs        ; 16 LEs               ; 0 LEs                  ; No         ; |Swag9000|CPU:CPU|Mux7         ;
; 6:1                ; 6 bits    ; 24 LEs        ; 18 LEs               ; 6 LEs                  ; No         ; |Swag9000|CPU:CPU|reg[6][2]    ;
; 6:1                ; 2 bits    ; 8 LEs         ; 6 LEs                ; 2 LEs                  ; No         ; |Swag9000|CPU:CPU|reg[6][1]    ;
; 7:1                ; 6 bits    ; 24 LEs        ; 24 LEs               ; 0 LEs                  ; No         ; |Swag9000|CPU:CPU|reg[2][6]    ;
; 7:1                ; 2 bits    ; 8 LEs         ; 8 LEs                ; 0 LEs                  ; No         ; |Swag9000|CPU:CPU|reg[2][1]    ;
; 7:1                ; 6 bits    ; 24 LEs        ; 24 LEs               ; 0 LEs                  ; No         ; |Swag9000|CPU:CPU|reg[0][6]    ;
; 7:1                ; 2 bits    ; 8 LEs         ; 8 LEs                ; 0 LEs                  ; No         ; |Swag9000|CPU:CPU|reg[0][0]    ;
; 7:1                ; 6 bits    ; 24 LEs        ; 24 LEs               ; 0 LEs                  ; No         ; |Swag9000|CPU:CPU|reg[1][3]    ;
; 7:1                ; 2 bits    ; 8 LEs         ; 8 LEs                ; 0 LEs                  ; No         ; |Swag9000|CPU:CPU|reg[1][1]    ;
+--------------------+-----------+---------------+----------------------+------------------------+------------+--------------------------------+


+-------------------------------------------------------------------+
; Parameter Settings for User Entity Instance: PreScale_Hz:OneHURTS ;
+----------------+-------+------------------------------------------+
; Parameter Name ; Value ; Type                                     ;
+----------------+-------+------------------------------------------+
; wait_count     ; 500   ; Signed Integer                           ;
; bits           ; 32    ; Signed Integer                           ;
+----------------+-------+------------------------------------------+
Note: In order to hide this table in the UI and the text report file, please set the "Show Parameter Settings in Synthesis Report" option in "Analysis and Synthesis Settings -> More Settings" to "Off".


+-------------------------------------------------------------------+
; Parameter Settings for User Entity Instance: PreScale_Hz:TwoHURTS ;
+----------------+-------+------------------------------------------+
; Parameter Name ; Value ; Type                                     ;
+----------------+-------+------------------------------------------+
; wait_count     ; 1000  ; Signed Integer                           ;
; bits           ; 32    ; Signed Integer                           ;
+----------------+-------+------------------------------------------+
Note: In order to hide this table in the UI and the text report file, please set the "Show Parameter Settings in Synthesis Report" option in "Analysis and Synthesis Settings -> More Settings" to "Off".


+-------------------------------------------------------------------+
; Parameter Settings for User Entity Instance: PreScale_Hz:TenHURTS ;
+----------------+-------+------------------------------------------+
; Parameter Name ; Value ; Type                                     ;
+----------------+-------+------------------------------------------+
; wait_count     ; 50000 ; Signed Integer                           ;
; bits           ; 32    ; Signed Integer                           ;
+----------------+-------+------------------------------------------+
Note: In order to hide this table in the UI and the text report file, please set the "Show Parameter Settings in Synthesis Report" option in "Analysis and Synthesis Settings -> More Settings" to "Off".


+--------------------------------------------------+
; Port Connectivity Checks: "PreScale_Hz:TenHURTS" ;
+-------+-------+----------+-----------------------+
; Port  ; Type  ; Severity ; Details               ;
+-------+-------+----------+-----------------------+
; s_clr ; Input ; Info     ; Stuck at GND          ;
+-------+-------+----------+-----------------------+


+--------------------------------------------------+
; Port Connectivity Checks: "PreScale_Hz:TwoHURTS" ;
+-------+-------+----------+-----------------------+
; Port  ; Type  ; Severity ; Details               ;
+-------+-------+----------+-----------------------+
; s_clr ; Input ; Info     ; Stuck at GND          ;
+-------+-------+----------+-----------------------+


+--------------------------------------------------+
; Port Connectivity Checks: "PreScale_Hz:OneHURTS" ;
+-------+-------+----------+-----------------------+
; Port  ; Type  ; Severity ; Details               ;
+-------+-------+----------+-----------------------+
; s_clr ; Input ; Info     ; Stuck at GND          ;
+-------+-------+----------+-----------------------+


+-----------------------------------------------------------------------------------------------------------------------------------+
; Port Connectivity Checks: "CPU:CPU"                                                                                               ;
+-------------------------+--------+----------+-------------------------------------------------------------------------------------+
; Port                    ; Type   ; Severity ; Details                                                                             ;
+-------------------------+--------+----------+-------------------------------------------------------------------------------------+
; instr_stack[1..0]       ; Input  ; Info     ; Stuck at GND                                                                        ;
; instr_stack[15][31..25] ; Input  ; Info     ; Stuck at GND                                                                        ;
; instr_stack[15][23..0]  ; Input  ; Info     ; Stuck at GND                                                                        ;
; instr_stack[15][24]     ; Input  ; Info     ; Stuck at VCC                                                                        ;
; instr_stack[14][31..25] ; Input  ; Info     ; Stuck at GND                                                                        ;
; instr_stack[14][23..0]  ; Input  ; Info     ; Stuck at GND                                                                        ;
; instr_stack[14][24]     ; Input  ; Info     ; Stuck at VCC                                                                        ;
; instr_stack[13]         ; Input  ; Info     ; Stuck at GND                                                                        ;
; instr_stack[12][18..17] ; Input  ; Info     ; Stuck at VCC                                                                        ;
; instr_stack[12][31..25] ; Input  ; Info     ; Stuck at GND                                                                        ;
; instr_stack[12][23..19] ; Input  ; Info     ; Stuck at GND                                                                        ;
; instr_stack[12][16..0]  ; Input  ; Info     ; Stuck at GND                                                                        ;
; instr_stack[12][24]     ; Input  ; Info     ; Stuck at VCC                                                                        ;
; instr_stack[11]         ; Input  ; Info     ; Stuck at GND                                                                        ;
; instr_stack[10][31..29] ; Input  ; Info     ; Stuck at GND                                                                        ;
; instr_stack[10][27..17] ; Input  ; Info     ; Stuck at GND                                                                        ;
; instr_stack[10][15..0]  ; Input  ; Info     ; Stuck at GND                                                                        ;
; instr_stack[10][28]     ; Input  ; Info     ; Stuck at VCC                                                                        ;
; instr_stack[10][16]     ; Input  ; Info     ; Stuck at VCC                                                                        ;
; instr_stack[9]          ; Input  ; Info     ; Stuck at GND                                                                        ;
; instr_stack[8][31..29]  ; Input  ; Info     ; Stuck at GND                                                                        ;
; instr_stack[8][27..18]  ; Input  ; Info     ; Stuck at GND                                                                        ;
; instr_stack[8][16..9]   ; Input  ; Info     ; Stuck at GND                                                                        ;
; instr_stack[8][7..0]    ; Input  ; Info     ; Stuck at GND                                                                        ;
; instr_stack[8][28]      ; Input  ; Info     ; Stuck at VCC                                                                        ;
; instr_stack[8][17]      ; Input  ; Info     ; Stuck at VCC                                                                        ;
; instr_stack[8][8]       ; Input  ; Info     ; Stuck at VCC                                                                        ;
; instr_stack[7]          ; Input  ; Info     ; Stuck at GND                                                                        ;
; instr_stack[6][31..30]  ; Input  ; Info     ; Stuck at GND                                                                        ;
; instr_stack[6][28..9]   ; Input  ; Info     ; Stuck at GND                                                                        ;
; instr_stack[6][7..2]    ; Input  ; Info     ; Stuck at GND                                                                        ;
; instr_stack[6][29]      ; Input  ; Info     ; Stuck at VCC                                                                        ;
; instr_stack[6][8]       ; Input  ; Info     ; Stuck at VCC                                                                        ;
; instr_stack[6][1]       ; Input  ; Info     ; Stuck at VCC                                                                        ;
; instr_stack[6][0]       ; Input  ; Info     ; Stuck at GND                                                                        ;
; instr_stack[5]          ; Input  ; Info     ; Stuck at GND                                                                        ;
; instr_stack[4][31..29]  ; Input  ; Info     ; Stuck at GND                                                                        ;
; instr_stack[4][27..25]  ; Input  ; Info     ; Stuck at GND                                                                        ;
; instr_stack[4][23..18]  ; Input  ; Info     ; Stuck at GND                                                                        ;
; instr_stack[4][16..10]  ; Input  ; Info     ; Stuck at GND                                                                        ;
; instr_stack[4][8..0]    ; Input  ; Info     ; Stuck at GND                                                                        ;
; instr_stack[4][28]      ; Input  ; Info     ; Stuck at VCC                                                                        ;
; instr_stack[4][24]      ; Input  ; Info     ; Stuck at VCC                                                                        ;
; instr_stack[4][17]      ; Input  ; Info     ; Stuck at VCC                                                                        ;
; instr_stack[4][9]       ; Input  ; Info     ; Stuck at VCC                                                                        ;
; instr_stack[3]          ; Input  ; Info     ; Stuck at GND                                                                        ;
; instr_stack[2][31..29]  ; Input  ; Info     ; Stuck at GND                                                                        ;
; instr_stack[2][27..25]  ; Input  ; Info     ; Stuck at GND                                                                        ;
; instr_stack[2][23..17]  ; Input  ; Info     ; Stuck at GND                                                                        ;
; instr_stack[2][15..9]   ; Input  ; Info     ; Stuck at GND                                                                        ;
; instr_stack[2][7..0]    ; Input  ; Info     ; Stuck at GND                                                                        ;
; instr_stack[2][28]      ; Input  ; Info     ; Stuck at VCC                                                                        ;
; instr_stack[2][24]      ; Input  ; Info     ; Stuck at VCC                                                                        ;
; instr_stack[2][16]      ; Input  ; Info     ; Stuck at VCC                                                                        ;
; instr_stack[2][8]       ; Input  ; Info     ; Stuck at VCC                                                                        ;
; mem_stack[15][7..6]     ; Input  ; Info     ; Stuck at VCC                                                                        ;
; mem_stack[15][4..1]     ; Input  ; Info     ; Stuck at VCC                                                                        ;
; mem_stack[15][5]        ; Input  ; Info     ; Stuck at GND                                                                        ;
; mem_stack[15][0]        ; Input  ; Info     ; Stuck at GND                                                                        ;
; mem_stack[14][3..2]     ; Input  ; Info     ; Stuck at VCC                                                                        ;
; mem_stack[14][7]        ; Input  ; Info     ; Stuck at VCC                                                                        ;
; mem_stack[14][6]        ; Input  ; Info     ; Stuck at GND                                                                        ;
; mem_stack[14][5]        ; Input  ; Info     ; Stuck at VCC                                                                        ;
; mem_stack[14][4]        ; Input  ; Info     ; Stuck at GND                                                                        ;
; mem_stack[14][1]        ; Input  ; Info     ; Stuck at GND                                                                        ;
; mem_stack[14][0]        ; Input  ; Info     ; Stuck at VCC                                                                        ;
; mem_stack[13][5..1]     ; Input  ; Info     ; Stuck at VCC                                                                        ;
; mem_stack[13][7]        ; Input  ; Info     ; Stuck at VCC                                                                        ;
; mem_stack[13][6]        ; Input  ; Info     ; Stuck at GND                                                                        ;
; mem_stack[13][0]        ; Input  ; Info     ; Stuck at GND                                                                        ;
; mem_stack[12][7..5]     ; Input  ; Info     ; Stuck at VCC                                                                        ;
; mem_stack[12][3..0]     ; Input  ; Info     ; Stuck at VCC                                                                        ;
; mem_stack[12][4]        ; Input  ; Info     ; Stuck at GND                                                                        ;
; mem_stack[11][1..0]     ; Input  ; Info     ; Stuck at VCC                                                                        ;
; mem_stack[11][7..4]     ; Input  ; Info     ; Stuck at GND                                                                        ;
; mem_stack[11][3]        ; Input  ; Info     ; Stuck at VCC                                                                        ;
; mem_stack[11][2]        ; Input  ; Info     ; Stuck at GND                                                                        ;
; mem_stack[10][7..4]     ; Input  ; Info     ; Stuck at GND                                                                        ;
; mem_stack[10][3]        ; Input  ; Info     ; Stuck at VCC                                                                        ;
; mem_stack[10][2]        ; Input  ; Info     ; Stuck at GND                                                                        ;
; mem_stack[10][1]        ; Input  ; Info     ; Stuck at VCC                                                                        ;
; mem_stack[10][0]        ; Input  ; Info     ; Stuck at GND                                                                        ;
; mem_stack[9][7..4]      ; Input  ; Info     ; Stuck at GND                                                                        ;
; mem_stack[9][2..1]      ; Input  ; Info     ; Stuck at GND                                                                        ;
; mem_stack[9][3]         ; Input  ; Info     ; Stuck at VCC                                                                        ;
; mem_stack[9][0]         ; Input  ; Info     ; Stuck at VCC                                                                        ;
; mem_stack[8][7..4]      ; Input  ; Info     ; Stuck at GND                                                                        ;
; mem_stack[8][2..0]      ; Input  ; Info     ; Stuck at GND                                                                        ;
; mem_stack[8][3]         ; Input  ; Info     ; Stuck at VCC                                                                        ;
; mem_stack[7][2..0]      ; Input  ; Info     ; Stuck at VCC                                                                        ;
; mem_stack[7][7..3]      ; Input  ; Info     ; Stuck at GND                                                                        ;
; mem_stack[6][2..1]      ; Input  ; Info     ; Stuck at VCC                                                                        ;
; mem_stack[6][7..3]      ; Input  ; Info     ; Stuck at GND                                                                        ;
; mem_stack[6][0]         ; Input  ; Info     ; Stuck at GND                                                                        ;
; mem_stack[5][7..3]      ; Input  ; Info     ; Stuck at GND                                                                        ;
; mem_stack[5][2]         ; Input  ; Info     ; Stuck at VCC                                                                        ;
; mem_stack[5][1]         ; Input  ; Info     ; Stuck at GND                                                                        ;
; mem_stack[5][0]         ; Input  ; Info     ; Stuck at VCC                                                                        ;
; mem_stack[4][7..3]      ; Input  ; Info     ; Stuck at GND                                                                        ;
; mem_stack[4][1..0]      ; Input  ; Info     ; Stuck at GND                                                                        ;
; mem_stack[4][2]         ; Input  ; Info     ; Stuck at VCC                                                                        ;
; mem_stack[3][1..0]      ; Input  ; Info     ; Stuck at VCC                                                                        ;
; mem_stack[3][7..2]      ; Input  ; Info     ; Stuck at GND                                                                        ;
; mem_stack[2][7..1]      ; Input  ; Info     ; Stuck at GND                                                                        ;
; mem_stack[2][0]         ; Input  ; Info     ; Stuck at VCC                                                                        ;
; mem_stack[1][7..1]      ; Input  ; Info     ; Stuck at GND                                                                        ;
; mem_stack[1][0]         ; Input  ; Info     ; Stuck at VCC                                                                        ;
; mem_stack[0]            ; Input  ; Info     ; Stuck at GND                                                                        ;
; reg_stack[15..3]        ; Output ; Info     ; Connected to dangling logic. Logic that only feeds a dangling port will be removed. ;
+-------------------------+--------+----------+-------------------------------------------------------------------------------------+


+-----------------------------------------------------+
; Post-Synthesis Netlist Statistics for Top Partition ;
+-----------------------+-----------------------------+
; Type                  ; Count                       ;
+-----------------------+-----------------------------+
; boundary_port         ; 105                         ;
; cycloneiii_ff         ; 104                         ;
;     ENA CLR           ; 96                          ;
;     plain             ; 8                           ;
; cycloneiii_lcell_comb ; 396                         ;
;     arith             ; 104                         ;
;         2 data inputs ; 94                          ;
;         3 data inputs ; 10                          ;
;     normal            ; 292                         ;
;         0 data inputs ; 1                           ;
;         1 data inputs ; 18                          ;
;         2 data inputs ; 10                          ;
;         3 data inputs ; 67                          ;
;         4 data inputs ; 196                         ;
;                       ;                             ;
; Max LUT depth         ; 6.00                        ;
; Average LUT depth     ; 3.67                        ;
+-----------------------+-----------------------------+


+-------------------------------+
; Elapsed Time Per Partition    ;
+----------------+--------------+
; Partition Name ; Elapsed Time ;
+----------------+--------------+
; Top            ; 00:00:01     ;
+----------------+--------------+


+-------------------------------+
; Analysis & Synthesis Messages ;
+-------------------------------+
Info: *******************************************************************
Info: Running Quartus II 64-Bit Analysis & Synthesis
    Info: Version 15.0.2 Build 153 07/15/2015 SJ Full Version
    Info: Processing started: Fri Dec 04 01:48:20 2015
Info: Command: quartus_map --read_settings_files=on --write_settings_files=off Swag9000 -c Swag9000
Info (11104): Parallel Compilation has detected 8 hyper-threaded processors. However, the extra hyper-threaded processors will not be used by default. Parallel Compilation will use 4 of the 4 physical processors detected instead.
Info (12021): Found 2 design units, including 1 entities, in source file cpu.vhd
    Info (12022): Found design unit 1: CPU-Behaviour
    Info (12023): Found entity 1: CPU
Info (12021): Found 1 design units, including 0 entities, in source file types.vhd
    Info (12022): Found design unit 1: Types
Info (12021): Found 2 design units, including 1 entities, in source file prescale_hz.vhd
    Info (12022): Found design unit 1: PreScale_Hz-Behaviour
    Info (12023): Found entity 1: PreScale_Hz
Info (12021): Found 2 design units, including 1 entities, in source file segdecoder.vhd
    Info (12022): Found design unit 1: SegDecoder-BINtoHEXdisp
    Info (12023): Found entity 1: SegDecoder
Info (12021): Found 2 design units, including 1 entities, in source file seccount.vhd
    Info (12022): Found design unit 1: SecCount-First
    Info (12023): Found entity 1: SecCount
Info (12021): Found 2 design units, including 1 entities, in source file swag9000.vhd
    Info (12022): Found design unit 1: Swag9000-Behaviour
    Info (12023): Found entity 1: Swag9000
Info (12127): Elaborating entity "Swag9000" for the top level hierarchy
Warning (10541): VHDL Signal Declaration warning at Swag9000.vhd(13): used implicit default value for signal "LEDR" because signal was never assigned a value or an explicit default value. Use of implicit default value may introduce unintended design optimizations.
Warning (10540): VHDL Signal Declaration warning at Swag9000.vhd(28): used explicit default value for signal "mem_stack" because signal was never assigned a value
Warning (10540): VHDL Signal Declaration warning at Swag9000.vhd(34): used explicit default value for signal "instr_stack" because signal was never assigned a value
Info (12128): Elaborating entity "CPU" for hierarchy "CPU:CPU"
Info (10041): Inferred latch for "reg[0][0]" at CPU.vhd(59)
Info (10041): Inferred latch for "reg[0][1]" at CPU.vhd(59)
Info (10041): Inferred latch for "reg[0][2]" at CPU.vhd(59)
Info (10041): Inferred latch for "reg[0][3]" at CPU.vhd(59)
Info (10041): Inferred latch for "reg[0][4]" at CPU.vhd(59)
Info (10041): Inferred latch for "reg[0][5]" at CPU.vhd(59)
Info (10041): Inferred latch for "reg[0][6]" at CPU.vhd(59)
Info (10041): Inferred latch for "reg[0][7]" at CPU.vhd(59)
Info (10041): Inferred latch for "reg[1][0]" at CPU.vhd(59)
Info (10041): Inferred latch for "reg[1][1]" at CPU.vhd(59)
Info (10041): Inferred latch for "reg[1][2]" at CPU.vhd(59)
Info (10041): Inferred latch for "reg[1][3]" at CPU.vhd(59)
Info (10041): Inferred latch for "reg[1][4]" at CPU.vhd(59)
Info (10041): Inferred latch for "reg[1][5]" at CPU.vhd(59)
Info (10041): Inferred latch for "reg[1][6]" at CPU.vhd(59)
Info (10041): Inferred latch for "reg[1][7]" at CPU.vhd(59)
Info (10041): Inferred latch for "reg[2][0]" at CPU.vhd(59)
Info (10041): Inferred latch for "reg[2][1]" at CPU.vhd(59)
Info (10041): Inferred latch for "reg[2][2]" at CPU.vhd(59)
Info (10041): Inferred latch for "reg[2][3]" at CPU.vhd(59)
Info (10041): Inferred latch for "reg[2][4]" at CPU.vhd(59)
Info (10041): Inferred latch for "reg[2][5]" at CPU.vhd(59)
Info (10041): Inferred latch for "reg[2][6]" at CPU.vhd(59)
Info (10041): Inferred latch for "reg[2][7]" at CPU.vhd(59)
Info (10041): Inferred latch for "reg[3][0]" at CPU.vhd(59)
Info (10041): Inferred latch for "reg[3][1]" at CPU.vhd(59)
Info (10041): Inferred latch for "reg[3][2]" at CPU.vhd(59)
Info (10041): Inferred latch for "reg[3][3]" at CPU.vhd(59)
Info (10041): Inferred latch for "reg[3][4]" at CPU.vhd(59)
Info (10041): Inferred latch for "reg[3][5]" at CPU.vhd(59)
Info (10041): Inferred latch for "reg[3][6]" at CPU.vhd(59)
Info (10041): Inferred latch for "reg[3][7]" at CPU.vhd(59)
Info (10041): Inferred latch for "reg[4][0]" at CPU.vhd(59)
Info (10041): Inferred latch for "reg[4][1]" at CPU.vhd(59)
Info (10041): Inferred latch for "reg[4][2]" at CPU.vhd(59)
Info (10041): Inferred latch for "reg[4][3]" at CPU.vhd(59)
Info (10041): Inferred latch for "reg[4][4]" at CPU.vhd(59)
Info (10041): Inferred latch for "reg[4][5]" at CPU.vhd(59)
Info (10041): Inferred latch for "reg[4][6]" at CPU.vhd(59)
Info (10041): Inferred latch for "reg[4][7]" at CPU.vhd(59)
Info (10041): Inferred latch for "reg[5][0]" at CPU.vhd(59)
Info (10041): Inferred latch for "reg[5][1]" at CPU.vhd(59)
Info (10041): Inferred latch for "reg[5][2]" at CPU.vhd(59)
Info (10041): Inferred latch for "reg[5][3]" at CPU.vhd(59)
Info (10041): Inferred latch for "reg[5][4]" at CPU.vhd(59)
Info (10041): Inferred latch for "reg[5][5]" at CPU.vhd(59)
Info (10041): Inferred latch for "reg[5][6]" at CPU.vhd(59)
Info (10041): Inferred latch for "reg[5][7]" at CPU.vhd(59)
Info (10041): Inferred latch for "reg[6][0]" at CPU.vhd(59)
Info (10041): Inferred latch for "reg[6][1]" at CPU.vhd(59)
Info (10041): Inferred latch for "reg[6][2]" at CPU.vhd(59)
Info (10041): Inferred latch for "reg[6][3]" at CPU.vhd(59)
Info (10041): Inferred latch for "reg[6][4]" at CPU.vhd(59)
Info (10041): Inferred latch for "reg[6][5]" at CPU.vhd(59)
Info (10041): Inferred latch for "reg[6][6]" at CPU.vhd(59)
Info (10041): Inferred latch for "reg[6][7]" at CPU.vhd(59)
Info (10041): Inferred latch for "reg[7][0]" at CPU.vhd(59)
Info (10041): Inferred latch for "reg[7][1]" at CPU.vhd(59)
Info (10041): Inferred latch for "reg[7][2]" at CPU.vhd(59)
Info (10041): Inferred latch for "reg[7][3]" at CPU.vhd(59)
Info (10041): Inferred latch for "reg[7][4]" at CPU.vhd(59)
Info (10041): Inferred latch for "reg[7][5]" at CPU.vhd(59)
Info (10041): Inferred latch for "reg[7][6]" at CPU.vhd(59)
Info (10041): Inferred latch for "reg[7][7]" at CPU.vhd(59)
Info (10041): Inferred latch for "reg[8][0]" at CPU.vhd(59)
Info (10041): Inferred latch for "reg[8][1]" at CPU.vhd(59)
Info (10041): Inferred latch for "reg[8][2]" at CPU.vhd(59)
Info (10041): Inferred latch for "reg[8][3]" at CPU.vhd(59)
Info (10041): Inferred latch for "reg[8][4]" at CPU.vhd(59)
Info (10041): Inferred latch for "reg[8][5]" at CPU.vhd(59)
Info (10041): Inferred latch for "reg[8][6]" at CPU.vhd(59)
Info (10041): Inferred latch for "reg[8][7]" at CPU.vhd(59)
Info (10041): Inferred latch for "reg[9][0]" at CPU.vhd(59)
Info (10041): Inferred latch for "reg[9][1]" at CPU.vhd(59)
Info (10041): Inferred latch for "reg[9][2]" at CPU.vhd(59)
Info (10041): Inferred latch for "reg[9][3]" at CPU.vhd(59)
Info (10041): Inferred latch for "reg[9][4]" at CPU.vhd(59)
Info (10041): Inferred latch for "reg[9][5]" at CPU.vhd(59)
Info (10041): Inferred latch for "reg[9][6]" at CPU.vhd(59)
Info (10041): Inferred latch for "reg[9][7]" at CPU.vhd(59)
Info (10041): Inferred latch for "reg[10][0]" at CPU.vhd(59)
Info (10041): Inferred latch for "reg[10][1]" at CPU.vhd(59)
Info (10041): Inferred latch for "reg[10][2]" at CPU.vhd(59)
Info (10041): Inferred latch for "reg[10][3]" at CPU.vhd(59)
Info (10041): Inferred latch for "reg[10][4]" at CPU.vhd(59)
Info (10041): Inferred latch for "reg[10][5]" at CPU.vhd(59)
Info (10041): Inferred latch for "reg[10][6]" at CPU.vhd(59)
Info (10041): Inferred latch for "reg[10][7]" at CPU.vhd(59)
Info (10041): Inferred latch for "reg[11][0]" at CPU.vhd(59)
Info (10041): Inferred latch for "reg[11][1]" at CPU.vhd(59)
Info (10041): Inferred latch for "reg[11][2]" at CPU.vhd(59)
Info (10041): Inferred latch for "reg[11][3]" at CPU.vhd(59)
Info (10041): Inferred latch for "reg[11][4]" at CPU.vhd(59)
Info (10041): Inferred latch for "reg[11][5]" at CPU.vhd(59)
Info (10041): Inferred latch for "reg[11][6]" at CPU.vhd(59)
Info (10041): Inferred latch for "reg[11][7]" at CPU.vhd(59)
Info (10041): Inferred latch for "reg[12][0]" at CPU.vhd(59)
Info (10041): Inferred latch for "reg[12][1]" at CPU.vhd(59)
Info (10041): Inferred latch for "reg[12][2]" at CPU.vhd(59)
Info (10041): Inferred latch for "reg[12][3]" at CPU.vhd(59)
Info (10041): Inferred latch for "reg[12][4]" at CPU.vhd(59)
Info (10041): Inferred latch for "reg[12][5]" at CPU.vhd(59)
Info (10041): Inferred latch for "reg[12][6]" at CPU.vhd(59)
Info (10041): Inferred latch for "reg[12][7]" at CPU.vhd(59)
Info (10041): Inferred latch for "reg[13][0]" at CPU.vhd(59)
Info (10041): Inferred latch for "reg[13][1]" at CPU.vhd(59)
Info (10041): Inferred latch for "reg[13][2]" at CPU.vhd(59)
Info (10041): Inferred latch for "reg[13][3]" at CPU.vhd(59)
Info (10041): Inferred latch for "reg[13][4]" at CPU.vhd(59)
Info (10041): Inferred latch for "reg[13][5]" at CPU.vhd(59)
Info (10041): Inferred latch for "reg[13][6]" at CPU.vhd(59)
Info (10041): Inferred latch for "reg[13][7]" at CPU.vhd(59)
Info (10041): Inferred latch for "reg[14][0]" at CPU.vhd(59)
Info (10041): Inferred latch for "reg[14][1]" at CPU.vhd(59)
Info (10041): Inferred latch for "reg[14][2]" at CPU.vhd(59)
Info (10041): Inferred latch for "reg[14][3]" at CPU.vhd(59)
Info (10041): Inferred latch for "reg[14][4]" at CPU.vhd(59)
Info (10041): Inferred latch for "reg[14][5]" at CPU.vhd(59)
Info (10041): Inferred latch for "reg[14][6]" at CPU.vhd(59)
Info (10041): Inferred latch for "reg[14][7]" at CPU.vhd(59)
Info (10041): Inferred latch for "reg[15][0]" at CPU.vhd(59)
Info (10041): Inferred latch for "reg[15][1]" at CPU.vhd(59)
Info (10041): Inferred latch for "reg[15][2]" at CPU.vhd(59)
Info (10041): Inferred latch for "reg[15][3]" at CPU.vhd(59)
Info (10041): Inferred latch for "reg[15][4]" at CPU.vhd(59)
Info (10041): Inferred latch for "reg[15][5]" at CPU.vhd(59)
Info (10041): Inferred latch for "reg[15][6]" at CPU.vhd(59)
Info (10041): Inferred latch for "reg[15][7]" at CPU.vhd(59)
Info (12128): Elaborating entity "SegDecoder" for hierarchy "SegDecoder:\Gen_Display:0:Display"
Info (12128): Elaborating entity "PreScale_Hz" for hierarchy "PreScale_Hz:OneHURTS"
Info (12128): Elaborating entity "PreScale_Hz" for hierarchy "PreScale_Hz:TwoHURTS"
Info (12128): Elaborating entity "PreScale_Hz" for hierarchy "PreScale_Hz:TenHURTS"
Warning (14025): LATCH primitive "CPU:CPU|reg[3][0]" is permanently disabled
Warning (14025): LATCH primitive "CPU:CPU|reg[3][1]" is permanently disabled
Warning (14025): LATCH primitive "CPU:CPU|reg[3][2]" is permanently disabled
Warning (14025): LATCH primitive "CPU:CPU|reg[3][3]" is permanently disabled
Warning (14025): LATCH primitive "CPU:CPU|reg[3][4]" is permanently disabled
Warning (14025): LATCH primitive "CPU:CPU|reg[3][5]" is permanently disabled
Warning (14025): LATCH primitive "CPU:CPU|reg[3][6]" is permanently disabled
Warning (14025): LATCH primitive "CPU:CPU|reg[3][7]" is permanently disabled
Warning (14025): LATCH primitive "CPU:CPU|reg[4][0]" is permanently disabled
Warning (14025): LATCH primitive "CPU:CPU|reg[4][1]" is permanently disabled
Warning (14025): LATCH primitive "CPU:CPU|reg[4][2]" is permanently disabled
Warning (14025): LATCH primitive "CPU:CPU|reg[4][3]" is permanently disabled
Warning (14025): LATCH primitive "CPU:CPU|reg[4][4]" is permanently disabled
Warning (14025): LATCH primitive "CPU:CPU|reg[4][5]" is permanently disabled
Warning (14025): LATCH primitive "CPU:CPU|reg[4][6]" is permanently disabled
Warning (14025): LATCH primitive "CPU:CPU|reg[4][7]" is permanently disabled
Warning (14025): LATCH primitive "CPU:CPU|reg[5][0]" is permanently disabled
Warning (14025): LATCH primitive "CPU:CPU|reg[5][1]" is permanently disabled
Warning (14025): LATCH primitive "CPU:CPU|reg[5][2]" is permanently disabled
Warning (14025): LATCH primitive "CPU:CPU|reg[5][3]" is permanently disabled
Warning (14025): LATCH primitive "CPU:CPU|reg[5][4]" is permanently disabled
Warning (14025): LATCH primitive "CPU:CPU|reg[5][5]" is permanently disabled
Warning (14025): LATCH primitive "CPU:CPU|reg[5][6]" is permanently disabled
Warning (14025): LATCH primitive "CPU:CPU|reg[5][7]" is permanently disabled
Warning (14025): LATCH primitive "CPU:CPU|reg[7][0]" is permanently disabled
Warning (14025): LATCH primitive "CPU:CPU|reg[7][1]" is permanently disabled
Warning (14025): LATCH primitive "CPU:CPU|reg[7][2]" is permanently disabled
Warning (14025): LATCH primitive "CPU:CPU|reg[7][3]" is permanently disabled
Warning (14025): LATCH primitive "CPU:CPU|reg[7][4]" is permanently disabled
Warning (14025): LATCH primitive "CPU:CPU|reg[7][5]" is permanently disabled
Warning (14025): LATCH primitive "CPU:CPU|reg[7][6]" is permanently disabled
Warning (14025): LATCH primitive "CPU:CPU|reg[7][7]" is permanently disabled
Warning (14025): LATCH primitive "CPU:CPU|reg[8][0]" is permanently disabled
Warning (14025): LATCH primitive "CPU:CPU|reg[8][1]" is permanently disabled
Warning (14025): LATCH primitive "CPU:CPU|reg[8][2]" is permanently disabled
Warning (14025): LATCH primitive "CPU:CPU|reg[8][3]" is permanently disabled
Warning (14025): LATCH primitive "CPU:CPU|reg[8][4]" is permanently disabled
Warning (14025): LATCH primitive "CPU:CPU|reg[8][5]" is permanently disabled
Warning (14025): LATCH primitive "CPU:CPU|reg[8][6]" is permanently disabled
Warning (14025): LATCH primitive "CPU:CPU|reg[8][7]" is permanently disabled
Warning (14025): LATCH primitive "CPU:CPU|reg[9][0]" is permanently disabled
Warning (14025): LATCH primitive "CPU:CPU|reg[9][1]" is permanently disabled
Warning (14025): LATCH primitive "CPU:CPU|reg[9][2]" is permanently disabled
Warning (14025): LATCH primitive "CPU:CPU|reg[9][3]" is permanently disabled
Warning (14025): LATCH primitive "CPU:CPU|reg[9][4]" is permanently disabled
Warning (14025): LATCH primitive "CPU:CPU|reg[9][5]" is permanently disabled
Warning (14025): LATCH primitive "CPU:CPU|reg[9][6]" is permanently disabled
Warning (14025): LATCH primitive "CPU:CPU|reg[9][7]" is permanently disabled
Warning (14025): LATCH primitive "CPU:CPU|reg[10][0]" is permanently disabled
Warning (14025): LATCH primitive "CPU:CPU|reg[10][1]" is permanently disabled
Warning (14025): LATCH primitive "CPU:CPU|reg[10][2]" is permanently disabled
Warning (14025): LATCH primitive "CPU:CPU|reg[10][3]" is permanently disabled
Warning (14025): LATCH primitive "CPU:CPU|reg[10][4]" is permanently disabled
Warning (14025): LATCH primitive "CPU:CPU|reg[10][5]" is permanently disabled
Warning (14025): LATCH primitive "CPU:CPU|reg[10][6]" is permanently disabled
Warning (14025): LATCH primitive "CPU:CPU|reg[10][7]" is permanently disabled
Warning (14025): LATCH primitive "CPU:CPU|reg[11][0]" is permanently disabled
Warning (14025): LATCH primitive "CPU:CPU|reg[11][1]" is permanently disabled
Warning (14025): LATCH primitive "CPU:CPU|reg[11][2]" is permanently disabled
Warning (14025): LATCH primitive "CPU:CPU|reg[11][3]" is permanently disabled
Warning (14025): LATCH primitive "CPU:CPU|reg[11][4]" is permanently disabled
Warning (14025): LATCH primitive "CPU:CPU|reg[11][5]" is permanently disabled
Warning (14025): LATCH primitive "CPU:CPU|reg[11][6]" is permanently disabled
Warning (14025): LATCH primitive "CPU:CPU|reg[11][7]" is permanently disabled
Warning (14025): LATCH primitive "CPU:CPU|reg[12][0]" is permanently disabled
Warning (14025): LATCH primitive "CPU:CPU|reg[12][1]" is permanently disabled
Warning (14025): LATCH primitive "CPU:CPU|reg[12][2]" is permanently disabled
Warning (14025): LATCH primitive "CPU:CPU|reg[12][3]" is permanently disabled
Warning (14025): LATCH primitive "CPU:CPU|reg[12][4]" is permanently disabled
Warning (14025): LATCH primitive "CPU:CPU|reg[12][5]" is permanently disabled
Warning (14025): LATCH primitive "CPU:CPU|reg[12][6]" is permanently disabled
Warning (14025): LATCH primitive "CPU:CPU|reg[12][7]" is permanently disabled
Warning (14025): LATCH primitive "CPU:CPU|reg[13][0]" is permanently disabled
Warning (14025): LATCH primitive "CPU:CPU|reg[13][1]" is permanently disabled
Warning (14025): LATCH primitive "CPU:CPU|reg[13][2]" is permanently disabled
Warning (14025): LATCH primitive "CPU:CPU|reg[13][3]" is permanently disabled
Warning (14025): LATCH primitive "CPU:CPU|reg[13][4]" is permanently disabled
Warning (14025): LATCH primitive "CPU:CPU|reg[13][5]" is permanently disabled
Warning (14025): LATCH primitive "CPU:CPU|reg[13][6]" is permanently disabled
Warning (14025): LATCH primitive "CPU:CPU|reg[13][7]" is permanently disabled
Warning (14025): LATCH primitive "CPU:CPU|reg[14][0]" is permanently disabled
Warning (14025): LATCH primitive "CPU:CPU|reg[14][1]" is permanently disabled
Warning (14025): LATCH primitive "CPU:CPU|reg[14][2]" is permanently disabled
Warning (14025): LATCH primitive "CPU:CPU|reg[14][3]" is permanently disabled
Warning (14025): LATCH primitive "CPU:CPU|reg[14][4]" is permanently disabled
Warning (14025): LATCH primitive "CPU:CPU|reg[14][5]" is permanently disabled
Warning (14025): LATCH primitive "CPU:CPU|reg[14][6]" is permanently disabled
Warning (14025): LATCH primitive "CPU:CPU|reg[14][7]" is permanently disabled
Warning (14025): LATCH primitive "CPU:CPU|reg[15][0]" is permanently disabled
Warning (14025): LATCH primitive "CPU:CPU|reg[15][1]" is permanently disabled
Warning (14025): LATCH primitive "CPU:CPU|reg[15][2]" is permanently disabled
Warning (14025): LATCH primitive "CPU:CPU|reg[15][3]" is permanently disabled
Warning (14025): LATCH primitive "CPU:CPU|reg[15][4]" is permanently disabled
Warning (14025): LATCH primitive "CPU:CPU|reg[15][5]" is permanently disabled
Warning (14025): LATCH primitive "CPU:CPU|reg[15][6]" is permanently disabled
Warning (14025): LATCH primitive "CPU:CPU|reg[15][7]" is permanently disabled
Warning (14025): LATCH primitive "CPU:CPU|reg[7][3]" is permanently disabled
Warning (14025): LATCH primitive "CPU:CPU|reg[5][3]" is permanently disabled
Warning (14025): LATCH primitive "CPU:CPU|reg[4][3]" is permanently disabled
Warning (14025): LATCH primitive "CPU:CPU|reg[3][3]" is permanently disabled
Warning (14025): LATCH primitive "CPU:CPU|reg[3][7]" is permanently disabled
Warning (14025): LATCH primitive "CPU:CPU|reg[3][6]" is permanently disabled
Warning (14025): LATCH primitive "CPU:CPU|reg[3][5]" is permanently disabled
Warning (14025): LATCH primitive "CPU:CPU|reg[3][4]" is permanently disabled
Warning (14025): LATCH primitive "CPU:CPU|reg[3][2]" is permanently disabled
Warning (14025): LATCH primitive "CPU:CPU|reg[3][1]" is permanently disabled
Warning (14025): LATCH primitive "CPU:CPU|reg[3][0]" is permanently disabled
Warning (14025): LATCH primitive "CPU:CPU|reg[7][2]" is permanently disabled
Warning (14025): LATCH primitive "CPU:CPU|reg[5][2]" is permanently disabled
Warning (14025): LATCH primitive "CPU:CPU|reg[4][2]" is permanently disabled
Warning (14025): LATCH primitive "CPU:CPU|reg[7][1]" is permanently disabled
Warning (14025): LATCH primitive "CPU:CPU|reg[5][1]" is permanently disabled
Warning (14025): LATCH primitive "CPU:CPU|reg[4][1]" is permanently disabled
Warning (14025): LATCH primitive "CPU:CPU|reg[7][0]" is permanently disabled
Warning (14025): LATCH primitive "CPU:CPU|reg[5][0]" is permanently disabled
Warning (14025): LATCH primitive "CPU:CPU|reg[4][0]" is permanently disabled
Warning (14025): LATCH primitive "CPU:CPU|reg[7][7]" is permanently disabled
Warning (14025): LATCH primitive "CPU:CPU|reg[5][7]" is permanently disabled
Warning (14025): LATCH primitive "CPU:CPU|reg[4][7]" is permanently disabled
Warning (14025): LATCH primitive "CPU:CPU|reg[7][6]" is permanently disabled
Warning (14025): LATCH primitive "CPU:CPU|reg[5][6]" is permanently disabled
Warning (14025): LATCH primitive "CPU:CPU|reg[4][6]" is permanently disabled
Warning (14025): LATCH primitive "CPU:CPU|reg[7][5]" is permanently disabled
Warning (14025): LATCH primitive "CPU:CPU|reg[5][5]" is permanently disabled
Warning (14025): LATCH primitive "CPU:CPU|reg[4][5]" is permanently disabled
Warning (14025): LATCH primitive "CPU:CPU|reg[7][4]" is permanently disabled
Warning (14025): LATCH primitive "CPU:CPU|reg[5][4]" is permanently disabled
Warning (14025): LATCH primitive "CPU:CPU|reg[4][4]" is permanently disabled
Warning (13012): Latch CPU:CPU|reg[0][0] has unsafe behavior
    Warning (13013): Ports D and ENA on the latch are fed by the same signal CPU:CPU|instr_ptr[0]
Warning (13012): Latch CPU:CPU|reg[0][1] has unsafe behavior
    Warning (13013): Ports D and ENA on the latch are fed by the same signal CPU:CPU|instr_ptr[0]
Warning (13012): Latch CPU:CPU|reg[0][2] has unsafe behavior
    Warning (13013): Ports D and ENA on the latch are fed by the same signal CPU:CPU|instr_ptr[0]
Warning (13012): Latch CPU:CPU|reg[0][3] has unsafe behavior
    Warning (13013): Ports D and ENA on the latch are fed by the same signal CPU:CPU|instr_ptr[0]
Warning (13012): Latch CPU:CPU|reg[0][4] has unsafe behavior
    Warning (13013): Ports D and ENA on the latch are fed by the same signal CPU:CPU|instr_ptr[0]
Warning (13012): Latch CPU:CPU|reg[0][5] has unsafe behavior
    Warning (13013): Ports D and ENA on the latch are fed by the same signal CPU:CPU|instr_ptr[0]
Warning (13012): Latch CPU:CPU|reg[0][6] has unsafe behavior
    Warning (13013): Ports D and ENA on the latch are fed by the same signal CPU:CPU|instr_ptr[0]
Warning (13012): Latch CPU:CPU|reg[0][7] has unsafe behavior
    Warning (13013): Ports D and ENA on the latch are fed by the same signal CPU:CPU|instr_ptr[0]
Warning (13012): Latch CPU:CPU|reg[1][0] has unsafe behavior
    Warning (13013): Ports D and ENA on the latch are fed by the same signal CPU:CPU|instr_ptr[0]
Warning (13012): Latch CPU:CPU|reg[1][1] has unsafe behavior
    Warning (13013): Ports D and ENA on the latch are fed by the same signal CPU:CPU|instr_ptr[0]
Warning (13012): Latch CPU:CPU|reg[1][2] has unsafe behavior
    Warning (13013): Ports D and ENA on the latch are fed by the same signal CPU:CPU|instr_ptr[0]
Warning (13012): Latch CPU:CPU|reg[1][3] has unsafe behavior
    Warning (13013): Ports D and ENA on the latch are fed by the same signal CPU:CPU|instr_ptr[0]
Warning (13012): Latch CPU:CPU|reg[1][4] has unsafe behavior
    Warning (13013): Ports D and ENA on the latch are fed by the same signal CPU:CPU|instr_ptr[0]
Warning (13012): Latch CPU:CPU|reg[1][5] has unsafe behavior
    Warning (13013): Ports D and ENA on the latch are fed by the same signal CPU:CPU|instr_ptr[0]
Warning (13012): Latch CPU:CPU|reg[1][6] has unsafe behavior
    Warning (13013): Ports D and ENA on the latch are fed by the same signal CPU:CPU|instr_ptr[0]
Warning (13012): Latch CPU:CPU|reg[1][7] has unsafe behavior
    Warning (13013): Ports D and ENA on the latch are fed by the same signal CPU:CPU|instr_ptr[0]
Warning (13012): Latch CPU:CPU|reg[2][0] has unsafe behavior
    Warning (13013): Ports D and ENA on the latch are fed by the same signal CPU:CPU|instr_ptr[0]
Warning (13012): Latch CPU:CPU|reg[2][1] has unsafe behavior
    Warning (13013): Ports D and ENA on the latch are fed by the same signal CPU:CPU|instr_ptr[0]
Warning (13012): Latch CPU:CPU|reg[2][2] has unsafe behavior
    Warning (13013): Ports D and ENA on the latch are fed by the same signal CPU:CPU|instr_ptr[0]
Warning (13012): Latch CPU:CPU|reg[2][3] has unsafe behavior
    Warning (13013): Ports D and ENA on the latch are fed by the same signal CPU:CPU|instr_ptr[0]
Warning (13012): Latch CPU:CPU|reg[2][4] has unsafe behavior
    Warning (13013): Ports D and ENA on the latch are fed by the same signal CPU:CPU|instr_ptr[0]
Warning (13012): Latch CPU:CPU|reg[2][5] has unsafe behavior
    Warning (13013): Ports D and ENA on the latch are fed by the same signal CPU:CPU|instr_ptr[0]
Warning (13012): Latch CPU:CPU|reg[2][6] has unsafe behavior
    Warning (13013): Ports D and ENA on the latch are fed by the same signal CPU:CPU|instr_ptr[0]
Warning (13012): Latch CPU:CPU|reg[2][7] has unsafe behavior
    Warning (13013): Ports D and ENA on the latch are fed by the same signal CPU:CPU|instr_ptr[0]
Warning (13012): Latch CPU:CPU|reg[6][0] has unsafe behavior
    Warning (13013): Ports D and ENA on the latch are fed by the same signal CPU:CPU|instr_ptr[0]
Warning (13012): Latch CPU:CPU|reg[6][1] has unsafe behavior
    Warning (13013): Ports D and ENA on the latch are fed by the same signal CPU:CPU|instr_ptr[0]
Warning (13012): Latch CPU:CPU|reg[6][2] has unsafe behavior
    Warning (13013): Ports D and ENA on the latch are fed by the same signal CPU:CPU|instr_ptr[0]
Warning (13012): Latch CPU:CPU|reg[6][3] has unsafe behavior
    Warning (13013): Ports D and ENA on the latch are fed by the same signal CPU:CPU|instr_ptr[0]
Warning (13012): Latch CPU:CPU|reg[6][4] has unsafe behavior
    Warning (13013): Ports D and ENA on the latch are fed by the same signal CPU:CPU|instr_ptr[0]
Warning (13012): Latch CPU:CPU|reg[6][5] has unsafe behavior
    Warning (13013): Ports D and ENA on the latch are fed by the same signal CPU:CPU|instr_ptr[0]
Warning (13012): Latch CPU:CPU|reg[6][6] has unsafe behavior
    Warning (13013): Ports D and ENA on the latch are fed by the same signal CPU:CPU|instr_ptr[0]
Warning (13012): Latch CPU:CPU|reg[6][7] has unsafe behavior
    Warning (13013): Ports D and ENA on the latch are fed by the same signal CPU:CPU|instr_ptr[0]
Warning (13024): Output pins are stuck at VCC or GND
    Warning (13410): Pin "LEDR[0]" is stuck at GND
    Warning (13410): Pin "LEDR[1]" is stuck at GND
    Warning (13410): Pin "LEDR[2]" is stuck at GND
    Warning (13410): Pin "LEDR[3]" is stuck at GND
    Warning (13410): Pin "LEDR[4]" is stuck at GND
    Warning (13410): Pin "LEDR[5]" is stuck at GND
    Warning (13410): Pin "LEDR[6]" is stuck at GND
    Warning (13410): Pin "LEDR[7]" is stuck at GND
    Warning (13410): Pin "LEDR[8]" is stuck at GND
    Warning (13410): Pin "LEDR[9]" is stuck at GND
    Warning (13410): Pin "LEDR[10]" is stuck at GND
    Warning (13410): Pin "LEDR[11]" is stuck at GND
    Warning (13410): Pin "LEDR[12]" is stuck at GND
    Warning (13410): Pin "LEDR[13]" is stuck at GND
    Warning (13410): Pin "LEDR[14]" is stuck at GND
    Warning (13410): Pin "LEDR[15]" is stuck at GND
    Warning (13410): Pin "LEDR[16]" is stuck at GND
    Warning (13410): Pin "LEDR[17]" is stuck at GND
Info (286030): Timing-Driven Synthesis is running
Warning (14025): LATCH primitive "CPU:CPU|reg[6][0]" is permanently disabled
Warning (14025): LATCH primitive "CPU:CPU|reg[6][1]" is permanently disabled
Warning (14025): LATCH primitive "CPU:CPU|reg[6][2]" is permanently disabled
Warning (14025): LATCH primitive "CPU:CPU|reg[6][3]" is permanently disabled
Warning (14025): LATCH primitive "CPU:CPU|reg[6][4]" is permanently disabled
Warning (14025): LATCH primitive "CPU:CPU|reg[6][5]" is permanently disabled
Warning (14025): LATCH primitive "CPU:CPU|reg[6][6]" is permanently disabled
Warning (14025): LATCH primitive "CPU:CPU|reg[6][7]" is permanently disabled
Info (16010): Generating hard_block partition "hard_block:auto_generated_inst"
    Info (16011): Adding 0 node(s), including 0 DDIO, 0 PLL, 0 transceiver and 0 LCELL
Warning (21074): Design contains 21 input pin(s) that do not drive logic
    Warning (15610): No output dependent on input pin "KEY[0]"
    Warning (15610): No output dependent on input pin "KEY[1]"
    Warning (15610): No output dependent on input pin "KEY[2]"
    Warning (15610): No output dependent on input pin "KEY[3]"
    Warning (15610): No output dependent on input pin "SW[0]"
    Warning (15610): No output dependent on input pin "SW[1]"
    Warning (15610): No output dependent on input pin "SW[2]"
    Warning (15610): No output dependent on input pin "SW[3]"
    Warning (15610): No output dependent on input pin "SW[4]"
    Warning (15610): No output dependent on input pin "SW[5]"
    Warning (15610): No output dependent on input pin "SW[6]"
    Warning (15610): No output dependent on input pin "SW[7]"
    Warning (15610): No output dependent on input pin "SW[8]"
    Warning (15610): No output dependent on input pin "SW[9]"
    Warning (15610): No output dependent on input pin "SW[10]"
    Warning (15610): No output dependent on input pin "SW[11]"
    Warning (15610): No output dependent on input pin "SW[12]"
    Warning (15610): No output dependent on input pin "SW[13]"
    Warning (15610): No output dependent on input pin "SW[14]"
    Warning (15610): No output dependent on input pin "SW[15]"
    Warning (15610): No output dependent on input pin "SW[16]"
Info (21057): Implemented 489 device resources after synthesis - the final resource count might be different
    Info (21058): Implemented 23 input pins
    Info (21059): Implemented 82 output pins
    Info (21061): Implemented 384 logic cells
Info: Quartus II 64-Bit Analysis & Synthesis was successful. 0 errors, 244 warnings
    Info: Peak virtual memory: 730 megabytes
    Info: Processing ended: Fri Dec 04 01:48:39 2015
    Info: Elapsed time: 00:00:19
    Info: Total CPU time (on all processors): 00:00:24


